<?xml version="1.0" encoding="UTF-8"?>
<!-- Generated by org.testng.reporters.JUnitReportReporter -->
<testsuite hostname="DESKTOP-1076AUO" failures="0" tests="2" name="TestCase.TC002" time="61.302" errors="0" timestamp="2023-03-09T23:47:34 BDT" skipped="0">
  <testcase classname="TestCase.TC002" name="signUp" time="45.115"/>
  <system-out/>
  <testcase classname="TestCase.TC002" name="locatorLearning" time="16.187"/>
  <system-out/>
</testsuite> <!-- TestCase.TC002 -->
