<?xml version="1.0" encoding="UTF-8"?>
<!-- Generated by org.testng.reporters.JUnitReportReporter -->
<testsuite hostname="DESKTOP-1076AUO" failures="0" tests="3" name="TestCase.TC001" time="16.084" errors="0" timestamp="2023-03-09T21:19:55 BDT" skipped="0">
  <testcase classname="TestCase.TC001" name="locatorLearning" time="16.011"/>
  <system-out/>
  <testcase classname="TestCase.TC001" name="verifyLogo" time="0.060"/>
  <system-out/>
  <testcase classname="TestCase.TC001" name="verifyTitle" time="0.013"/>
  <system-out/>
</testsuite> <!-- TestCase.TC001 -->
